<?xml version="1.0" encoding="UTF-8"?>
<!-- Generated by org.testng.reporters.JUnitReportReporter -->
<testsuite skipped="0" hostname="DESKTOP-8RAJE01" name="TestNGPractice.Test.SampleTestCase" tests="8" failures="0" timestamp="10 Feb 2019 08:10:51 GMT" time="0.068" errors="0">
  <testcase name="test3" time="0.004" classname="TestNGPractice.Test.SampleTestCase"/>
  <testcase name="test7" time="0.002" classname="TestNGPractice.Test.SampleTestCase"/>
  <testcase name="test1" time="0.030" classname="TestNGPractice.Test.SampleTestCase"/>
  <testcase name="test6" time="0.003" classname="TestNGPractice.Test.SampleTestCase"/>
  <testcase name="test2" time="0.003" classname="TestNGPractice.Test.SampleTestCase"/>
  <testcase name="test4" time="0.005" classname="TestNGPractice.Test.SampleTestCase"/>
  <testcase name="test5" time="0.003" classname="TestNGPractice.Test.SampleTestCase"/>
  <testcase name="test8" time="0.018" classname="TestNGPractice.Test.SampleTestCase"/>
</testsuite> <!-- TestNGPractice.Test.SampleTestCase -->
